2023-11-09 20:55:18,603 - INFO - Data loaded successfully from data/historical_sensor_data.csv
2023-11-09 20:55:18,603 - INFO - Label column found and processed.
2023-11-09 20:55:18,604 - INFO - Data preprocessing complete.
2023-11-09 20:55:18,604 - INFO - Data split into train and test sets.
2023-11-09 20:56:21,375 - INFO - Model training successful.
2023-11-09 20:56:21,393 - INFO - Model evaluation successful. Score: 0.9777777777777777
2023-11-09 20:56:21,398 - INFO - Data loaded successfully from data/latest_sensor_data.csv
2023-11-09 20:56:21,399 - WARNING - Label column not found. Proceeding without labels.
2023-11-09 20:56:21,399 - INFO - Data preprocessing complete.
2023-11-09 20:56:21,788 - INFO - Prediction successful.
2023-11-09 20:56:21,789 - INFO - Predictions added to dataframe successfully.
2023-11-09 20:59:32,528 - INFO - Data loaded successfully from data/latest_sensor_data.csv
2023-11-09 21:22:41,401 - ERROR - Error loading data from data/historical_sensor_data.csv: [Errno 2] No such file or directory: 'data/historical_sensor_data.csv'
2023-11-09 21:23:15,101 - INFO - Data loaded successfully from data/historical_sensor_data.csv
2023-11-09 21:23:15,102 - INFO - Label column found and processed.
2023-11-09 21:23:15,102 - INFO - Data preprocessing complete.
2023-11-09 21:23:15,102 - INFO - Data split into train and test sets.
2023-11-09 21:24:16,650 - INFO - Model training successful.
2023-11-09 21:24:16,667 - INFO - Model evaluation successful. Score: 0.9777777777777777
2023-11-09 21:24:16,671 - INFO - Data loaded successfully from data/latest_sensor_data.csv
2023-11-09 21:24:16,671 - WARNING - Label column not found. Proceeding without labels.
2023-11-09 21:24:16,672 - INFO - Data preprocessing complete.
2023-11-09 21:24:16,971 - INFO - Prediction successful.
2023-11-09 21:24:16,972 - INFO - Predictions added to dataframe successfully.
2023-11-09 21:32:18,793 - INFO - Data loaded successfully from data/historical_sensor_data.csv
2023-11-09 21:32:18,794 - INFO - Label column found and processed.
2023-11-09 21:32:18,794 - INFO - Data preprocessing complete.
2023-11-09 21:32:18,795 - INFO - Data split into train and test sets.
2023-11-09 21:33:21,938 - INFO - Model training successful.
2023-11-09 21:33:22,000 - INFO - Model evaluation successful. Score: 0.9777777777777777
2023-11-09 21:33:22,004 - INFO - Data loaded successfully from data/latest_sensor_data.csv
2023-11-09 21:33:22,004 - WARNING - Label column not found. Proceeding without labels.
2023-11-09 21:33:22,005 - INFO - Data preprocessing complete.
2023-11-09 21:33:22,321 - INFO - Prediction successful.
2023-11-09 21:33:22,321 - INFO - Predictions added to dataframe successfully.
2023-11-09 21:36:26,203 - INFO - Data loaded successfully from data/latest_sensor_data.csv
2023-11-09 21:37:02,736 - INFO - Data loaded successfully from data/latest_sensor_data.csv
2023-11-09 21:37:45,471 - INFO - Data loaded successfully from data/latest_sensor_data.csv
2023-11-10 15:30:21,063 - ERROR - Error loading data from data/historical_sensor_data.csv: [Errno 2] No such file or directory: 'data/historical_sensor_data.csv'
2023-11-10 15:30:58,324 - INFO - Data loaded successfully from data/historical_sensor_data.csv
2023-11-10 15:30:58,325 - INFO - Label column found and processed.
2023-11-10 15:30:58,325 - INFO - Data preprocessing complete.
2023-11-10 15:30:58,325 - INFO - Data split into train and test sets.
